<?xml version="1.0" encoding="UTF-8"?>
<!-- Generated by org.testng.reporters.JUnitXMLReporter -->
<testsuite ignored="1" hostname="RT-LT-529" failures="0" tests="1" name="Default test" time="70.009" errors="0" timestamp="2024-08-26T22:47:00 PKT">
  <testcase classname="tests.Form1_Submission" name="testForm1Submission" time="68.894"/>
  <testcase classname="tests.Form1_Submission" name="testForm2Submission" time="0.0">
    <ignored/>
  </testcase> <!-- testForm2Submission -->
</testsuite> <!-- Default test -->
