<?xml version="1.0" encoding="UTF-8"?>
<testng-results ignored="1" total="2" passed="1" failed="0" skipped="0">
  <reporter-output>
  </reporter-output>
  <suite started-at="2024-08-12T10:19:06 PKT" name="Default suite" finished-at="2024-08-12T10:20:02 PKT" duration-ms="55299">
    <groups>
    </groups>
    <test started-at="2024-08-12T10:19:06 PKT" name="Default test" finished-at="2024-08-12T10:20:02 PKT" duration-ms="55299">
      <class name="tests.Form1_Submission">
        <test-method is-config="true" signature="setUpSuite()[pri:0, instance:tests.Form1_Submission@7193666c]" started-at="2024-08-12T10:19:06 PKT" name="setUpSuite" finished-at="2024-08-12T10:19:06 PKT" duration-ms="279" status="PASS">
          <reporter-output>
          </reporter-output>
        </test-method> <!-- setUpSuite -->
        <test-method is-config="true" signature="setUp()[pri:0, instance:tests.Form1_Submission@7193666c]" started-at="2024-08-12T10:19:06 PKT" name="setUp" finished-at="2024-08-12T10:19:07 PKT" duration-ms="1130" status="PASS">
          <reporter-output>
          </reporter-output>
        </test-method> <!-- setUp -->
        <test-method signature="testForm2Submission()[pri:2, instance:tests.Form1_Submission@7193666c]" started-at="2024-08-12T10:19:07 PKT" name="testForm2Submission" finished-at="2024-08-12T10:20:02 PKT" duration-ms="54122" status="PASS">
          <reporter-output>
          </reporter-output>
        </test-method> <!-- testForm2Submission -->
        <test-method is-config="true" signature="tearDown()[pri:0, instance:tests.Form1_Submission@7193666c]" started-at="2024-08-12T10:20:02 PKT" name="tearDown" finished-at="2024-08-12T10:20:02 PKT" duration-ms="21" status="PASS">
          <reporter-output>
          </reporter-output>
        </test-method> <!-- tearDown -->
        <test-method is-config="true" signature="tearDownSuite()[pri:0, instance:tests.Form1_Submission@7193666c]" started-at="2024-08-12T10:20:02 PKT" name="tearDownSuite" finished-at="2024-08-12T10:20:02 PKT" duration-ms="14" status="PASS">
          <reporter-output>
          </reporter-output>
        </test-method> <!-- tearDownSuite -->
      </class> <!-- tests.Form1_Submission -->
    </test> <!-- Default test -->
  </suite> <!-- Default suite -->
</testng-results>
